Wed May 01 12:46:54 BRT 2019 : Apache Derby Servidor de Rede - 10.13.1.1 - (Unversioned directory) iniciado e pronto para aceitar conexões na porta 1527 em {3}
----------------------------------------------------------------
Wed May 01 12:47:00 BRT 2019:
 Inicializando o Derby versão The Apache Software Foundation - Apache Derby - 10.13.1.1 - (Unversioned directory): instância a816c00e-016a-7413-b476-ffffad0dafe7
no diretório de banco de dados C:\Users\dougl\Documents\NetBeansProjects\EasyTickets\db\easyticket-db 

java.vendor=Oracle Corporation
java.runtime.version=1.8.0_181-b13
user.dir=C:\Program Files (x86)\glassfish\javadb
os.name=Windows 10
os.arch=amd64
os.version=10.0
derby.system.home=C:\Users\dougl\Documents\NetBeansProjects\EasyTickets\db
Carregador de classe do banco de dados iniciado - derby.database.classpath=''
----------------------------------------------------------------
Wed May 01 12:47:07 BRT 2019:
Encerrando a instância a816c00e-016a-7413-b476-ffffad0dafe7
Wed May 01 12:47:10 BRT 2019 Thread[DRDAConnThread_3,5,main] (DATABASE = easyticket-db), (DRDAID = {2}), Banco de dados 'easyticket-db' fechado.
----------------------------------------------------------------
Wed May 01 12:48:32 BRT 2019:
 Inicializando o Derby versão The Apache Software Foundation - Apache Derby - 10.13.1.1 - (Unversioned directory): instância 6ede40af-016a-7413-b476-ffffad0dafe7
no diretório de banco de dados C:\Users\dougl\Documents\NetBeansProjects\EasyTickets\db\easyticket-db 

java.vendor=Oracle Corporation
java.runtime.version=1.8.0_181-b13
user.dir=C:\Program Files (x86)\glassfish\javadb
os.name=Windows 10
os.arch=amd64
os.version=10.0
derby.system.home=C:\Users\dougl\Documents\NetBeansProjects\EasyTickets\db
Carregador de classe do banco de dados iniciado - derby.database.classpath=''
----------------------------------------------------------------
Wed May 01 13:21:10 BRT 2019: Shutting down Derby engine
